[2026-01-21 09:53:36] Starting backtest worker...
[2026-01-21 09:53:36] Config received: {"symbols":["SPY"],"start_date":"2025-08-04","end_date":"2025-08-08","trading_mode":"AGGRESSIVE","trade_types":["DAILY","SCALP"],"htf_warmup_days":40,"initial_capital":50000.0,"commission_model":"ibkr_fixed","enable_reg_fees":true,"slippage_model":"pct","slippage_cost_pct":0.0005,"spread_model":"fixed_bps","spread_bps":2.0}
[2026-01-21 09:53:36] Symbols: ['SPY']
[2026-01-21 09:53:36] Period: 2025-08-04 -> 2025-08-08
[2026-01-21 09:53:36] Mode: AGGRESSIVE
[2026-01-21 09:53:36] HTF Warmup: 40 days
[2026-01-21 09:53:36] Trade Types: ['DAILY', 'SCALP']
[2026-01-21 09:53:36] Config saved to: C:\bots\dexterio1-main\backend\results\jobs\1cedb445\job_config.json
[2026-01-21 09:53:36] Data: C:\bots\dexterio1-main\data\historical\1m\SPY.parquet
[2026-01-21 09:53:36] Running backtest...
[2026-01-21 09:53:38] Data loaded: 4400 bars
[2026-01-21 09:53:38]   Date range: 2025-08-04 08:00:00+00:00 to 2025-08-08 23:59:00+00:00
[2026-01-21 09:53:46] ERROR: NameError: name 'summary_path' is not defined
[2026-01-21 09:53:46] Traceback (most recent call last):
  File "C:\bots\dexterio1-main\backend\jobs\backtest_jobs.py", line 336, in run_backtest_worker
    result = engine.run()
             ^^^^^^^^^^^^
  File "C:\bots\dexterio1-main\backend\backtest\engine.py", line 772, in run
    self._execute_setup(best_setup, current_time)
  File "C:\bots\dexterio1-main\backend\backtest\engine.py", line 1423, in _execute_setup
    self._increment_reject_reason("cooldown_active")
  File "C:\bots\dexterio1-main\backend\backtest\engine.py", line 2331, in _increment_reject_reason
    logger.info("  - Summary: %s", summary_path)
                                   ^^^^^^^^^^^^
NameError: name 'summary_path' is not defined

