[2026-01-21 17:57:44] Starting backtest worker...
[2026-01-21 17:57:44] Config received: {"symbols":["SPY","QQQ"],"start_date":"2025-08-04","end_date":"2025-08-08","trading_mode":"AGGRESSIVE","trade_types":["DAILY","SCALP"],"htf_warmup_days":40,"initial_capital":50000.0,"commission_model":"ibkr_fixed","enable_reg_fees":true,"slippage_model":"pct","slippage_cost_pct":0.0005,"spread_model":"fixed_bps","spread_bps":2.0}
[2026-01-21 17:57:44] Symbols: ['SPY', 'QQQ']
[2026-01-21 17:57:44] Period: 2025-08-04 -> 2025-08-08
[2026-01-21 17:57:44] Mode: AGGRESSIVE
[2026-01-21 17:57:44] HTF Warmup: 40 days
[2026-01-21 17:57:44] Trade Types: ['DAILY', 'SCALP']
[2026-01-21 17:57:44] Config saved to: C:\bots\dexterio1-main\backend\results\jobs\e3790fa8\job_config.json
[2026-01-21 17:57:44] Data: C:\bots\dexterio1-main\data\historical\1m\SPY.parquet
[2026-01-21 17:57:44] Data: C:\bots\dexterio1-main\data\historical\1m\QQQ.parquet
[2026-01-21 17:57:44] Running backtest...
[2026-01-21 17:57:46] Data loaded: 8871 bars
[2026-01-21 17:57:46]   Date range: 2025-08-04 08:00:00+00:00 to 2025-08-08 23:59:00+00:00
[2026-01-21 18:00:55] Backtest complete: 11 trades
[2026-01-21 18:00:55] Summary: C:\bots\dexterio1-main\backend\results\jobs\e3790fa8\summary.json
[2026-01-21 18:00:55] Trades: C:\bots\dexterio1-main\backend\results\jobs\e3790fa8\trades.parquet
[2026-01-21 18:00:55] Equity: C:\bots\dexterio1-main\backend\results\jobs\e3790fa8\equity.parquet
[2026-01-21 18:00:55] Debug counts: C:\bots\dexterio1-main\backend\results\jobs\e3790fa8\debug_counts.json
[2026-01-21 18:00:55] Metrics: {'total_trades': 11, 'total_R_gross': -3.710164999999855, 'total_R_net': -4.799639999999855, 'total_costs_dollars': 1168.1899999999998, 'winrate': 9.090909090909092, 'profit_factor': 0.21016267164336064, 'expectancy_r': -0.4363309090908959, 'max_drawdown_r': 5.391414999999856}
[2026-01-21 18:00:55] Job completed successfully
