[2026-01-21 19:01:51] Starting backtest worker...
[2026-01-21 19:01:51] Config received: {"symbols":["SPY","QQQ"],"start_date":"2025-08-04","end_date":"2025-08-08","trading_mode":"AGGRESSIVE","trade_types":["DAILY","SCALP"],"htf_warmup_days":40,"initial_capital":50000.0,"commission_model":"ibkr_fixed","enable_reg_fees":true,"slippage_model":"pct","slippage_cost_pct":0.0005,"spread_model":"fixed_bps","spread_bps":2.0}
[2026-01-21 19:01:51] Symbols: ['SPY', 'QQQ']
[2026-01-21 19:01:51] Period: 2025-08-04 -> 2025-08-08
[2026-01-21 19:01:51] Mode: AGGRESSIVE
[2026-01-21 19:01:51] HTF Warmup: 40 days
[2026-01-21 19:01:51] Trade Types: ['DAILY', 'SCALP']
[2026-01-21 19:01:51] Config saved to: C:\bots\dexterio1-main\backend\results\jobs\cf222f7a\job_config.json
[2026-01-21 19:01:51] Data: C:\bots\dexterio1-main\data\historical\1m\SPY.parquet
[2026-01-21 19:01:51] Data: C:\bots\dexterio1-main\data\historical\1m\QQQ.parquet
[2026-01-21 19:01:51] Running backtest...
[2026-01-21 19:01:52] Data loaded: 8871 bars
[2026-01-21 19:01:52]   Date range: 2025-08-04 08:00:00+00:00 to 2025-08-08 23:59:00+00:00
[2026-01-21 19:04:54] Backtest complete: 19 trades
[2026-01-21 19:04:54] Summary: C:\bots\dexterio1-main\backend\results\jobs\cf222f7a\summary.json
[2026-01-21 19:04:54] Trades: C:\bots\dexterio1-main\backend\results\jobs\cf222f7a\trades.parquet
[2026-01-21 19:04:54] Equity: C:\bots\dexterio1-main\backend\results\jobs\cf222f7a\equity.parquet
[2026-01-21 19:04:54] Debug counts: C:\bots\dexterio1-main\backend\results\jobs\cf222f7a\debug_counts.json
[2026-01-21 19:04:54] Metrics: {'total_trades': 19, 'total_R_gross': -3.541049999999848, 'total_R_net': -5.01241499999985, 'total_costs_dollars': 1614.16, 'winrate': 21.052631578947366, 'profit_factor': 0.4096860996888317, 'expectancy_r': -0.26381131578946576, 'max_drawdown_r': 5.929119999999852}
[2026-01-21 19:04:54] Job completed successfully
